<?xml version="1.0" encoding="UTF-8"?>
<!-- Generated by org.testng.reporters.JUnitReportReporter -->
<testsuite name="com.klindziuk.testtable.DataTableTest" tests="2" time="1.453" ignored="0" failures="0" timestamp="28 мар 2017 12:41:53 GMT" skipped="0" hostname="Pk" errors="0">
  <testcase name="testData_User1" time="1.222" classname="com.klindziuk.testtable.DataTableTest"/>
  <testcase name="testData_User2" time="0.231" classname="com.klindziuk.testtable.DataTableTest"/>
</testsuite> <!-- com.klindziuk.testtable.DataTableTest -->
