<?xml version="1.0" encoding="UTF-8"?>
<!-- Generated by org.testng.reporters.JUnitReportReporter -->
<testsuite name="com.klindziuk.testtable.TableCreation" tests="1" time="1.440" ignored="0" failures="0" timestamp="27 мар 2017 20:55:16 GMT" skipped="0" hostname="Pk" errors="0">
  <testcase name="testDataBasecreation" time="1.440" classname="com.klindziuk.testtable.TableCreation"/>
</testsuite> <!-- com.klindziuk.testtable.TableCreation -->
