<?xml version="1.0" encoding="UTF-8"?>
<!-- Generated by org.testng.reporters.JUnitReportReporter -->
<testsuite name="com.klindziuk.testtable.DataBaseAndTableCreation" tests="1" time="0.303" ignored="0" failures="0" timestamp="27 мар 2017 22:40:41 GMT" skipped="0" hostname="Pk" errors="0">
  <testcase name="testDataBasecreation" time="0.303" classname="com.klindziuk.testtable.DataBaseAndTableCreation"/>
</testsuite> <!-- com.klindziuk.testtable.DataBaseAndTableCreation -->
