<?xml version="1.0" encoding="UTF-8"?>
<!-- Generated by org.testng.reporters.JUnitReportReporter -->
<testsuite name="com.klindziuk.testtable.DataTableTest" tests="2" time="1.591" ignored="0" failures="0" timestamp="18 мар 2017 11:54:58 GMT" skipped="0" hostname="Pk" errors="0">
  <testcase name="testData_User1" time="1.293" classname="com.klindziuk.testtable.DataTableTest"/>
  <testcase name="testData_User2" time="0.298" classname="com.klindziuk.testtable.DataTableTest"/>
</testsuite> <!-- com.klindziuk.testtable.DataTableTest -->
