<?xml version="1.0" encoding="UTF-8"?>
<!-- Generated by org.testng.reporters.JUnitReportReporter -->
<testsuite name="com.klindziuk.testtable.TableTest" tests="1" time="9.674" ignored="0" failures="0" timestamp="17 мар 2017 10:55:39 GMT" skipped="0" hostname="Pk" errors="0">
  <testcase name="testTable" time="9.674" classname="com.klindziuk.testtable.TableTest"/>
</testsuite> <!-- com.klindziuk.testtable.TableTest -->
