<?xml version="1.0" encoding="UTF-8"?>
<!-- Generated by org.testng.reporters.JUnitReportReporter -->
<testsuite name="com.klindziuk.testtable.DataTableTest" tests="2" time="2.409" ignored="0" failures="0" timestamp="27 мар 2017 06:39:11 GMT" skipped="0" hostname="Pk" errors="0">
  <testcase name="testData_User2" time="0.305" classname="com.klindziuk.testtable.DataTableTest"/>
  <testcase name="testData_User1" time="2.104" classname="com.klindziuk.testtable.DataTableTest"/>
</testsuite> <!-- com.klindziuk.testtable.DataTableTest -->
