<?xml version="1.0" encoding="UTF-8"?>
<!-- Generated by org.testng.reporters.JUnitReportReporter -->
<testsuite name="com.klindziuk.testtable.DataInsertionTest" tests="1" time="0.013" ignored="0" failures="0" timestamp="27 мар 2017 22:31:56 GMT" skipped="0" hostname="Pk" errors="0">
  <testcase name="f" time="0.013" classname="com.klindziuk.testtable.DataInsertionTest"/>
</testsuite> <!-- com.klindziuk.testtable.DataInsertionTest -->
